<?xml version="1.0" encoding="UTF-8"?>
<testng-results ignored="0" total="1" passed="1" failed="0" skipped="0">
  <reporter-output>
  </reporter-output>
  <suite started-at="2022-09-15T20:04:02 PET" name="Suite" finished-at="2022-09-15T20:04:11 PET" duration-ms="8746">
    <groups>
    </groups>
    <test started-at="2022-09-15T20:04:02 PET" name="Test" finished-at="2022-09-15T20:04:11 PET" duration-ms="8746">
      <class name="com.amazon.test.AmazonTest">
        <test-method is-config="true" signature="invokeBrowser()[pri:0, instance:com.amazon.test.AmazonTest@75f9eccc]" started-at="2022-09-15T20:04:02 PET" name="invokeBrowser" finished-at="2022-09-15T20:04:07 PET" duration-ms="5291" status="PASS">
          <reporter-output>
          </reporter-output>
        </test-method> <!-- invokeBrowser -->
        <test-method signature="searchProduct()[pri:0, instance:com.amazon.test.AmazonTest@75f9eccc]" started-at="2022-09-15T20:04:07 PET" name="searchProduct" finished-at="2022-09-15T20:04:10 PET" duration-ms="3105" status="PASS">
          <reporter-output>
          </reporter-output>
        </test-method> <!-- searchProduct -->
        <test-method is-config="true" signature="closeBrowser()[pri:0, instance:com.amazon.test.AmazonTest@75f9eccc]" started-at="2022-09-15T20:04:10 PET" name="closeBrowser" finished-at="2022-09-15T20:04:11 PET" duration-ms="314" status="PASS">
          <reporter-output>
          </reporter-output>
        </test-method> <!-- closeBrowser -->
      </class> <!-- com.amazon.test.AmazonTest -->
    </test> <!-- Test -->
  </suite> <!-- Suite -->
</testng-results>
